atad_IMPORTS_start
I_ata_get_devinfo
I_ata_io_start
I_ata_io_finish
I_ata_get_error
I_ata_device_sector_io
I_ata_device_smart_get_status
I_ata_device_flush_cache
I_ata_device_sce_sec_unlock
atad_IMPORTS_end

cdvdman_IMPORTS_start
I_sceCdRI
cdvdman_IMPORTS_end

ioman_IMPORTS_start
I_AddDrv
I_DelDrv
ioman_IMPORTS_end

stdio_IMPORTS_start
I_printf
stdio_IMPORTS_end

sysclib_IMPORTS_start
I_memcpy
I_memset
sysclib_IMPORTS_end

intrman_IMPORTS_start
I_CpuSuspendIntr
I_CpuResumeIntr
intrman_IMPORTS_end

sysmem_IMPORTS_start
I_AllocSysMemory
I_FreeSysMemory
sysmem_IMPORTS_end
